[20231223_220651] index:0;amount:42;created
[20231223_220651] index:1;amount:54;created
[20231223_220651] index:2;amount:957;created
[20231223_220651] index:3;amount:432;created
[20231223_220651] index:4;amount:1234;created
[20231223_220651] index:5;amount:0;created
[20231223_220651] index:6;amount:754;created
[20231223_220651] index:7;amount:16576;created
[20231223_220651] accounts:8;total:20049;deposits:0;withdrawals:0;
[20231223_220651] index:0;amount:42;deposits:0;withdrawals:0;
[20231223_220651] index:1;amount:54;deposits:0;withdrawals:0;
[20231223_220651] index:2;amount:957;deposits:0;withdrawals:0;
[20231223_220651] index:3;amount:432;deposits:0;withdrawals:0;
[20231223_220651] index:4;amount:1234;deposits:0;withdrawals:0;
[20231223_220651] index:5;amount:0;deposits:0;withdrawals:0;
[20231223_220651] index:6;amount:754;deposits:0;withdrawals:0;
[20231223_220651] index:7;amount:16576;deposits:0;withdrawals:0;
[20231223_220651] index:0;p_amount:42;deposit:5;amount:47;nb_deposits:1
[20231223_220651] index:1;p_amount:54;deposit:765;amount:819;nb_deposits:1
[20231223_220651] index:2;p_amount:957;deposit:564;amount:1521;nb_deposits:1
[20231223_220651] index:3;p_amount:432;deposit:2;amount:434;nb_deposits:1
[20231223_220651] index:4;p_amount:1234;deposit:87;amount:1321;nb_deposits:1
[20231223_220651] index:5;p_amount:0;deposit:23;amount:23;nb_deposits:1
[20231223_220651] index:6;p_amount:754;deposit:9;amount:763;nb_deposits:1
[20231223_220651] index:7;p_amount:16576;deposit:20;amount:16596;nb_deposits:1
[20231223_220651] accounts:8;total:20049;deposits:8;withdrawals:0;
[20231223_220651] index:0;amount:42;deposits:1;withdrawals:0;
[20231223_220651] index:1;amount:54;deposits:1;withdrawals:0;
[20231223_220651] index:2;amount:957;deposits:1;withdrawals:0;
[20231223_220651] index:3;amount:432;deposits:1;withdrawals:0;
[20231223_220651] index:4;amount:1234;deposits:1;withdrawals:0;
[20231223_220651] index:5;amount:0;deposits:1;withdrawals:0;
[20231223_220651] index:6;amount:754;deposits:1;withdrawals:0;
[20231223_220651] index:7;amount:16576;deposits:1;withdrawals:0;
[20231223_220651] accounts:8;total:20049;deposits:8;withdrawals:8;
[20231223_220651] index:0;amount:42;deposits:1;withdrawals:0;
[20231223_220651] index:1;amount:54;deposits:1;withdrawals:0;
[20231223_220651] index:2;amount:957;deposits:1;withdrawals:0;
[20231223_220651] index:3;amount:432;deposits:1;withdrawals:0;
[20231223_220651] index:4;amount:1234;deposits:1;withdrawals:0;
[20231223_220651] index:5;amount:0;deposits:1;withdrawals:0;
[20231223_220651] index:6;amount:754;deposits:1;withdrawals:0;
[20231223_220651] index:7;amount:16576;deposits:1;withdrawals:0;
[20231223_220651] closed
[20231223_220651] closed
[20231223_220651] closed
[20231223_220651] closed
[20231223_220651] closed
[20231223_220651] closed
[20231223_220651] closed
[20231223_220651] closed
